2026-06-27 03:35:21,983 - __main__ - INFO - Äćŕđâčń bot started!
2026-06-27 03:35:22,827 - httpx - INFO - HTTP Request: POST https://api.telegram.org/bot8825789874:AAFsHLvsnZw2vLmdHqiYUgAJguN2B17Z4dg/getMe "HTTP/1.1 200 OK"
2026-06-27 03:35:22,983 - httpx - INFO - HTTP Request: POST https://api.telegram.org/bot8825789874:AAFsHLvsnZw2vLmdHqiYUgAJguN2B17Z4dg/deleteWebhook "HTTP/1.1 200 OK"
2026-06-27 03:35:22,985 - apscheduler.scheduler - INFO - Scheduler started
2026-06-27 03:35:22,986 - telegram.ext.Application - INFO - Application started
2026-06-27 03:35:33,484 - httpx - INFO - HTTP Request: POST https://api.telegram.org/bot8825789874:AAFsHLvsnZw2vLmdHqiYUgAJguN2B17Z4dg/getUpdates "HTTP/1.1 200 OK"
2026-06-27 03:35:43,655 - httpx - INFO - HTTP Request: POST https://api.telegram.org/bot8825789874:AAFsHLvsnZw2vLmdHqiYUgAJguN2B17Z4dg/getUpdates "HTTP/1.1 200 OK"
2026-06-27 03:35:54,033 - httpx - INFO - HTTP Request: POST https://api.telegram.org/bot8825789874:AAFsHLvsnZw2vLmdHqiYUgAJguN2B17Z4dg/getUpdates "HTTP/1.1 200 OK"
2026-06-27 03:36:04,209 - httpx - INFO - HTTP Request: POST https://api.telegram.org/bot8825789874:AAFsHLvsnZw2vLmdHqiYUgAJguN2B17Z4dg/getUpdates "HTTP/1.1 200 OK"
2026-06-27 03:36:14,408 - httpx - INFO - HTTP Request: POST https://api.telegram.org/bot8825789874:AAFsHLvsnZw2vLmdHqiYUgAJguN2B17Z4dg/getUpdates "HTTP/1.1 200 OK"
2026-06-27 03:36:24,751 - httpx - INFO - HTTP Request: POST https://api.telegram.org/bot8825789874:AAFsHLvsnZw2vLmdHqiYUgAJguN2B17Z4dg/getUpdates "HTTP/1.1 200 OK"
2026-06-27 03:36:34,978 - httpx - INFO - HTTP Request: POST https://api.telegram.org/bot8825789874:AAFsHLvsnZw2vLmdHqiYUgAJguN2B17Z4dg/getUpdates "HTTP/1.1 200 OK"
2026-06-27 03:36:45,161 - httpx - INFO - HTTP Request: POST https://api.telegram.org/bot8825789874:AAFsHLvsnZw2vLmdHqiYUgAJguN2B17Z4dg/getUpdates "HTTP/1.1 200 OK"
2026-06-27 03:36:55,366 - httpx - INFO - HTTP Request: POST https://api.telegram.org/bot8825789874:AAFsHLvsnZw2vLmdHqiYUgAJguN2B17Z4dg/getUpdates "HTTP/1.1 200 OK"
2026-06-27 03:37:05,542 - httpx - INFO - HTTP Request: POST https://api.telegram.org/bot8825789874:AAFsHLvsnZw2vLmdHqiYUgAJguN2B17Z4dg/getUpdates "HTTP/1.1 200 OK"
2026-06-27 03:37:13,397 - httpx - INFO - HTTP Request: POST https://api.telegram.org/bot8825789874:AAFsHLvsnZw2vLmdHqiYUgAJguN2B17Z4dg/getUpdates "HTTP/1.1 200 OK"
2026-06-27 03:37:14,061 - httpx - INFO - HTTP Request: POST https://api.telegram.org/bot8825789874:AAFsHLvsnZw2vLmdHqiYUgAJguN2B17Z4dg/sendChatAction "HTTP/1.1 200 OK"
2026-06-27 03:37:20,290 - httpx - INFO - HTTP Request: POST https://opencode.ai/zen/v1/chat/completions "HTTP/1.1 200 OK"
2026-06-27 03:37:20,767 - httpx - INFO - HTTP Request: POST https://api.telegram.org/bot8825789874:AAFsHLvsnZw2vLmdHqiYUgAJguN2B17Z4dg/sendMessage "HTTP/1.1 200 OK"
2026-06-27 03:37:23,674 - httpx - INFO - HTTP Request: POST https://api.telegram.org/bot8825789874:AAFsHLvsnZw2vLmdHqiYUgAJguN2B17Z4dg/getUpdates "HTTP/1.1 200 OK"
2026-06-27 03:37:33,849 - httpx - INFO - HTTP Request: POST https://api.telegram.org/bot8825789874:AAFsHLvsnZw2vLmdHqiYUgAJguN2B17Z4dg/getUpdates "HTTP/1.1 200 OK"
2026-06-27 03:37:44,006 - httpx - INFO - HTTP Request: POST https://api.telegram.org/bot8825789874:AAFsHLvsnZw2vLmdHqiYUgAJguN2B17Z4dg/getUpdates "HTTP/1.1 200 OK"
2026-06-27 03:37:53,782 - httpx - INFO - HTTP Request: POST https://api.telegram.org/bot8825789874:AAFsHLvsnZw2vLmdHqiYUgAJguN2B17Z4dg/getUpdates "HTTP/1.1 200 OK"
2026-06-27 03:37:54,293 - httpx - INFO - HTTP Request: POST https://api.telegram.org/bot8825789874:AAFsHLvsnZw2vLmdHqiYUgAJguN2B17Z4dg/sendChatAction "HTTP/1.1 200 OK"
2026-06-27 03:37:57,757 - httpx - INFO - HTTP Request: POST https://opencode.ai/zen/v1/chat/completions "HTTP/1.1 200 OK"
2026-06-27 03:37:57,941 - httpx - INFO - HTTP Request: POST https://api.telegram.org/bot8825789874:AAFsHLvsnZw2vLmdHqiYUgAJguN2B17Z4dg/sendMessage "HTTP/1.1 200 OK"
2026-06-27 03:38:03,933 - httpx - INFO - HTTP Request: POST https://api.telegram.org/bot8825789874:AAFsHLvsnZw2vLmdHqiYUgAJguN2B17Z4dg/getUpdates "HTTP/1.1 200 OK"
